c:\users\adrie\desktop\trabadriel\snake\sharedmemorydll\snakeclient\debug\vc140.pdb
c:\users\adrie\desktop\trabadriel\snake\sharedmemorydll\snakeclient\debug\vc140.idb
c:\users\adrie\desktop\trabadriel\snake\sharedmemorydll\snakeclient\debug\client.obj
c:\users\adrie\desktop\trabadriel\snake\sharedmemorydll\snakeclient\debug\game.obj
c:\users\adrie\desktop\trabadriel\snake\sharedmemorydll\snakeclient\debug\item.obj
c:\users\adrie\desktop\trabadriel\snake\sharedmemorydll\snakeclient\debug\map.obj
c:\users\adrie\desktop\trabadriel\snake\sharedmemorydll\snakeclient\debug\player.obj
c:\users\adrie\desktop\trabadriel\snake\sharedmemorydll\snakeclient\debug\snake.obj
c:\users\adrie\desktop\trabadriel\snake\sharedmemorydll\debug\snakeclient.ilk
c:\users\adrie\desktop\trabadriel\snake\sharedmemorydll\debug\snakeclient.exe
c:\users\adrie\desktop\trabadriel\snake\sharedmemorydll\debug\snakeclient.pdb
c:\users\adrie\desktop\so2snake\snakeclient\debug\client.obj
c:\users\adrie\desktop\so2snake\snakeclient\debug\game.obj
c:\users\adrie\desktop\so2snake\snakeclient\debug\item.obj
c:\users\adrie\desktop\so2snake\snakeclient\debug\map.obj
c:\users\adrie\desktop\so2snake\snakeclient\debug\player.obj
c:\users\adrie\desktop\so2snake\snakeclient\debug\snake.obj
c:\users\adrie\desktop\so2snake\snakeclient\debug\vc140.idb
c:\users\adrie\desktop\so2snake\snakeclient\debug\vc140.pdb
c:\users\adrie\desktop\so2snake\debug\snakeclient.pdb
c:\users\adrie\desktop\so2snake\debug\snakeclient.exe
c:\users\adrie\desktop\so2snake\debug\snakeclient.ilk
c:\users\adrie\desktop\so2snake\snakeclient\debug\snakeclient.tlog\cl.command.1.tlog
c:\users\adrie\desktop\so2snake\snakeclient\debug\snakeclient.tlog\cl.read.1.tlog
c:\users\adrie\desktop\so2snake\snakeclient\debug\snakeclient.tlog\cl.write.1.tlog
c:\users\adrie\desktop\so2snake\snakeclient\debug\snakeclient.tlog\link.command.1.tlog
c:\users\adrie\desktop\so2snake\snakeclient\debug\snakeclient.tlog\link.read.1.tlog
c:\users\adrie\desktop\so2snake\snakeclient\debug\snakeclient.tlog\link.write.1.tlog
