c:\users\adrie\desktop\trabadriel\snake\sharedmemorydll\snakeonline\debug\vc140.pdb
c:\users\adrie\desktop\trabadriel\snake\sharedmemorydll\snakeonline\debug\vc140.idb
c:\users\adrie\desktop\trabadriel\snake\sharedmemorydll\snakeonline\debug\dll.obj
c:\users\adrie\desktop\trabadriel\snake\sharedmemorydll\debug\snakedll.ilk
c:\users\adrie\desktop\trabadriel\snake\sharedmemorydll\debug\snakedll.dll
c:\users\adrie\desktop\trabadriel\snake\sharedmemorydll\debug\snakedll.pdb
c:\users\adrie\desktop\trabadriel\snake\sharedmemorydll\debug\snakedll.lib
c:\users\adrie\desktop\trabadriel\snake\sharedmemorydll\debug\snakedll.exp
c:\users\adrie\desktop\so2snake\snakeonline\debug\dll.obj
c:\users\adrie\desktop\so2snake\snakeonline\debug\vc140.idb
c:\users\adrie\desktop\so2snake\snakeonline\debug\vc140.pdb
c:\users\adrie\desktop\so2snake\debug\snakedll.pdb
c:\users\adrie\desktop\so2snake\debug\snakedll.dll
c:\users\adrie\desktop\so2snake\debug\snakedll.ilk
c:\users\adrie\desktop\so2snake\snakeonline\debug\snakedll.tlog\cl.command.1.tlog
c:\users\adrie\desktop\so2snake\snakeonline\debug\snakedll.tlog\cl.read.1.tlog
c:\users\adrie\desktop\so2snake\snakeonline\debug\snakedll.tlog\cl.write.1.tlog
c:\users\adrie\desktop\so2snake\snakeonline\debug\snakedll.tlog\link.command.1.tlog
c:\users\adrie\desktop\so2snake\snakeonline\debug\snakedll.tlog\link.read.1.tlog
c:\users\adrie\desktop\so2snake\snakeonline\debug\snakedll.tlog\link.write.1.tlog
c:\users\adrie\desktop\so2snake\snakeonline\debug\snakedll.tlog\snakedll.write.1u.tlog
